<?xml version="1.0" encoding="UTF-8"?>
<coverage generated="1648746341839" clover="3.2.0">
  <project timestamp="1648746341840" name="All files">
    <metrics statements="13" coveredstatements="10" conditionals="2" coveredconditionals="0" methods="2" coveredmethods="2" elements="17" coveredelements="12" complexity="0" loc="13" ncloc="13" packages="1" files="2" classes="2"/>
    <file name="FindFirstDuplicate.js" path="/Users/jennychau/Development/purple/FindFirstDuplicate.js">
      <metrics statements="7" coveredstatements="4" conditionals="2" coveredconditionals="0" methods="1" coveredmethods="1"/>
      <line num="2" count="1" type="stmt"/>
      <line num="3" count="1" type="stmt"/>
      <line num="4" count="0" type="cond" truecount="0" falsecount="2"/>
      <line num="5" count="0" type="stmt"/>
      <line num="7" count="0" type="stmt"/>
      <line num="11" count="1" type="stmt"/>
      <line num="15" count="1" type="stmt"/>
    </file>
    <file name="ReverseString.js" path="/Users/jennychau/Development/purple/ReverseString.js">
      <metrics statements="6" coveredstatements="6" conditionals="0" coveredconditionals="0" methods="1" coveredmethods="1"/>
      <line num="3" count="5" type="stmt"/>
      <line num="5" count="5" type="stmt"/>
      <line num="6" count="5" type="stmt"/>
      <line num="7" count="24" type="stmt"/>
      <line num="10" count="5" type="stmt"/>
      <line num="15" count="1" type="stmt"/>
    </file>
  </project>
</coverage>
