{"/Users/jennychau/Development/purple/FindFirstDuplicate.js": {"path":"/Users/jennychau/Development/purple/FindFirstDuplicate.js","statementMap":{"0":{"start":{"line":2,"column":14},"end":{"line":2,"column":16}},"1":{"start":{"line":3,"column":4},"end":{"line":9,"column":5}},"2":{"start":{"line":3,"column":15},"end":{"line":3,"column":16}},"3":{"start":{"line":4,"column":6},"end":{"line":8,"column":7}},"4":{"start":{"line":5,"column":8},"end":{"line":5,"column":21}},"5":{"start":{"line":7,"column":8},"end":{"line":7,"column":23}},"6":{"start":{"line":11,"column":4},"end":{"line":11,"column":13}},"7":{"start":{"line":15,"column":0},"end":{"line":15,"column":35}}},"fnMap":{"0":{"name":"findFirstDuplicate","decl":{"start":{"line":1,"column":9},"end":{"line":1,"column":27}},"loc":{"start":{"line":1,"column":33},"end":{"line":13,"column":3}},"line":1}},"branchMap":{"0":{"loc":{"start":{"line":4,"column":6},"end":{"line":8,"column":7}},"type":"if","locations":[{"start":{"line":4,"column":6},"end":{"line":8,"column":7}},{"start":{"line":6,"column":13},"end":{"line":8,"column":7}}],"line":4}},"s":{"0":2,"1":2,"2":2,"3":1,"4":0,"5":1,"6":2,"7":1},"f":{"0":2},"b":{"0":[0,1]},"_coverageSchema":"1a1c01bbd47fc00a2c39e90264f33305004495a9","hash":"9adee84f44f22e3548088e91e649c7527fe3810e"}
,"/Users/jennychau/Development/purple/ReverseString.js": {"path":"/Users/jennychau/Development/purple/ReverseString.js","statementMap":{"0":{"start":{"line":3,"column":14},"end":{"line":3,"column":27}},"1":{"start":{"line":5,"column":17},"end":{"line":5,"column":19}},"2":{"start":{"line":6,"column":4},"end":{"line":9,"column":5}},"3":{"start":{"line":6,"column":16},"end":{"line":6,"column":28}},"4":{"start":{"line":7,"column":6},"end":{"line":7,"column":25}},"5":{"start":{"line":10,"column":4},"end":{"line":10,"column":26}},"6":{"start":{"line":15,"column":2},"end":{"line":15,"column":32}}},"fnMap":{"0":{"name":"reverseString","decl":{"start":{"line":2,"column":9},"end":{"line":2,"column":22}},"loc":{"start":{"line":2,"column":28},"end":{"line":12,"column":3}},"line":2}},"branchMap":{},"s":{"0":5,"1":5,"2":5,"3":5,"4":24,"5":5,"6":1},"f":{"0":5},"b":{},"_coverageSchema":"1a1c01bbd47fc00a2c39e90264f33305004495a9","hash":"6a1d86fdeebf87e4fc4772f87557df9d0edff7da"}
}
