{"/Users/jennychau/Development/purple/DistinctPairSum.js": {"path":"/Users/jennychau/Development/purple/DistinctPairSum.js","statementMap":{"0":{"start":{"line":14,"column":16},"end":{"line":14,"column":18}},"1":{"start":{"line":15,"column":4},"end":{"line":21,"column":5}},"2":{"start":{"line":15,"column":15},"end":{"line":15,"column":16}},"3":{"start":{"line":16,"column":16},"end":{"line":16,"column":19}},"4":{"start":{"line":17,"column":8},"end":{"line":20,"column":9}},"5":{"start":{"line":18,"column":31},"end":{"line":18,"column":54}},"6":{"start":{"line":19,"column":12},"end":{"line":19,"column":45}},"7":{"start":{"line":23,"column":4},"end":{"line":23,"column":30}},"8":{"start":{"line":29,"column":0},"end":{"line":29,"column":32}}},"fnMap":{"0":{"name":"distinctPairSum","decl":{"start":{"line":13,"column":9},"end":{"line":13,"column":24}},"loc":{"start":{"line":13,"column":34},"end":{"line":24,"column":1}},"line":13}},"branchMap":{"0":{"loc":{"start":{"line":17,"column":8},"end":{"line":20,"column":9}},"type":"if","locations":[{"start":{"line":17,"column":8},"end":{"line":20,"column":9}},{"start":{},"end":{}}],"line":17}},"s":{"0":5,"1":5,"2":5,"3":22,"4":22,"5":5,"6":5,"7":5,"8":1},"f":{"0":5},"b":{"0":[5,17]},"_coverageSchema":"1a1c01bbd47fc00a2c39e90264f33305004495a9","hash":"836663f8226d1f2f84d4736327e330cd0c0834ed"}
,"/Users/jennychau/Development/purple/FibonacciSeries.js": {"path":"/Users/jennychau/Development/purple/FibonacciSeries.js","statementMap":{"0":{"start":{"line":13,"column":4},"end":{"line":25,"column":5}},"1":{"start":{"line":14,"column":8},"end":{"line":14,"column":19}},"2":{"start":{"line":17,"column":18},"end":{"line":17,"column":27}},"3":{"start":{"line":18,"column":8},"end":{"line":23,"column":9}},"4":{"start":{"line":19,"column":12},"end":{"line":22,"column":13}},"5":{"start":{"line":20,"column":27},"end":{"line":20,"column":46}},"6":{"start":{"line":21,"column":16},"end":{"line":21,"column":30}},"7":{"start":{"line":24,"column":8},"end":{"line":24,"column":21}},"8":{"start":{"line":29,"column":0},"end":{"line":29,"column":31}},"9":{"start":{"line":30,"column":0},"end":{"line":30,"column":31}},"10":{"start":{"line":31,"column":0},"end":{"line":31,"column":31}},"11":{"start":{"line":32,"column":0},"end":{"line":32,"column":31}},"12":{"start":{"line":33,"column":0},"end":{"line":33,"column":33}},"13":{"start":{"line":34,"column":0},"end":{"line":34,"column":33}},"14":{"start":{"line":35,"column":0},"end":{"line":35,"column":36}},"15":{"start":{"line":36,"column":0},"end":{"line":36,"column":37}},"16":{"start":{"line":40,"column":0},"end":{"line":40,"column":26}}},"fnMap":{"0":{"name":"fibonacci","decl":{"start":{"line":12,"column":9},"end":{"line":12,"column":18}},"loc":{"start":{"line":12,"column":22},"end":{"line":27,"column":1}},"line":12}},"branchMap":{"0":{"loc":{"start":{"line":13,"column":4},"end":{"line":25,"column":5}},"type":"if","locations":[{"start":{"line":13,"column":4},"end":{"line":25,"column":5}},{"start":{"line":16,"column":9},"end":{"line":25,"column":5}}],"line":13},"1":{"loc":{"start":{"line":18,"column":8},"end":{"line":23,"column":9}},"type":"if","locations":[{"start":{"line":18,"column":8},"end":{"line":23,"column":9}},{"start":{},"end":{}}],"line":18}},"s":{"0":13,"1":3,"2":10,"3":10,"4":4,"5":26,"6":26,"7":10,"8":1,"9":1,"10":1,"11":1,"12":1,"13":1,"14":1,"15":1,"16":1},"f":{"0":13},"b":{"0":[3,10],"1":[4,6]},"_coverageSchema":"1a1c01bbd47fc00a2c39e90264f33305004495a9","hash":"ac7921f5a9b4634997437ba385c35aa386260737"}
,"/Users/jennychau/Development/purple/FindFirstDuplicate.js": {"path":"/Users/jennychau/Development/purple/FindFirstDuplicate.js","statementMap":{"0":{"start":{"line":2,"column":14},"end":{"line":2,"column":16}},"1":{"start":{"line":3,"column":4},"end":{"line":9,"column":5}},"2":{"start":{"line":3,"column":15},"end":{"line":3,"column":16}},"3":{"start":{"line":4,"column":6},"end":{"line":8,"column":7}},"4":{"start":{"line":5,"column":8},"end":{"line":5,"column":21}},"5":{"start":{"line":7,"column":8},"end":{"line":7,"column":23}},"6":{"start":{"line":11,"column":4},"end":{"line":11,"column":13}},"7":{"start":{"line":15,"column":0},"end":{"line":15,"column":35}}},"fnMap":{"0":{"name":"findFirstDuplicate","decl":{"start":{"line":1,"column":9},"end":{"line":1,"column":27}},"loc":{"start":{"line":1,"column":33},"end":{"line":13,"column":3}},"line":1}},"branchMap":{"0":{"loc":{"start":{"line":4,"column":6},"end":{"line":8,"column":7}},"type":"if","locations":[{"start":{"line":4,"column":6},"end":{"line":8,"column":7}},{"start":{"line":6,"column":13},"end":{"line":8,"column":7}}],"line":4}},"s":{"0":5,"1":5,"2":5,"3":16,"4":2,"5":14,"6":3,"7":1},"f":{"0":5},"b":{"0":[2,14]},"_coverageSchema":"1a1c01bbd47fc00a2c39e90264f33305004495a9","hash":"9adee84f44f22e3548088e91e649c7527fe3810e"}
,"/Users/jennychau/Development/purple/InsertInterval.js": {"path":"/Users/jennychau/Development/purple/InsertInterval.js","statementMap":{"0":{"start":{"line":41,"column":4},"end":{"line":41,"column":56}},"1":{"start":{"line":41,"column":34},"end":{"line":41,"column":54}},"2":{"start":{"line":43,"column":4},"end":{"line":46,"column":5}},"3":{"start":{"line":44,"column":8},"end":{"line":44,"column":35}},"4":{"start":{"line":45,"column":8},"end":{"line":45,"column":24}},"5":{"start":{"line":48,"column":4},"end":{"line":51,"column":5}},"6":{"start":{"line":49,"column":8},"end":{"line":49,"column":38}},"7":{"start":{"line":50,"column":8},"end":{"line":50,"column":24}},"8":{"start":{"line":53,"column":19},"end":{"line":53,"column":21}},"9":{"start":{"line":54,"column":14},"end":{"line":54,"column":28}},"10":{"start":{"line":55,"column":14},"end":{"line":55,"column":28}},"11":{"start":{"line":56,"column":4},"end":{"line":69,"column":5}},"12":{"start":{"line":56,"column":17},"end":{"line":56,"column":18}},"13":{"start":{"line":57,"column":8},"end":{"line":68,"column":9}},"14":{"start":{"line":58,"column":12},"end":{"line":58,"column":39}},"15":{"start":{"line":60,"column":13},"end":{"line":68,"column":9}},"16":{"start":{"line":61,"column":12},"end":{"line":61,"column":36}},"17":{"start":{"line":62,"column":12},"end":{"line":62,"column":33}},"18":{"start":{"line":63,"column":12},"end":{"line":63,"column":33}},"19":{"start":{"line":66,"column":12},"end":{"line":66,"column":48}},"20":{"start":{"line":67,"column":12},"end":{"line":67,"column":48}},"21":{"start":{"line":70,"column":8},"end":{"line":70,"column":32}},"22":{"start":{"line":71,"column":4},"end":{"line":71,"column":19}},"23":{"start":{"line":75,"column":0},"end":{"line":75,"column":23}},"24":{"start":{"line":77,"column":0},"end":{"line":77,"column":72}},"25":{"start":{"line":78,"column":0},"end":{"line":78,"column":45}},"26":{"start":{"line":79,"column":0},"end":{"line":79,"column":60}},"27":{"start":{"line":80,"column":0},"end":{"line":80,"column":37}},"28":{"start":{"line":81,"column":0},"end":{"line":81,"column":30}},"29":{"start":{"line":82,"column":0},"end":{"line":82,"column":37}},"30":{"start":{"line":83,"column":0},"end":{"line":83,"column":37}},"31":{"start":{"line":84,"column":0},"end":{"line":84,"column":37}}},"fnMap":{"0":{"name":"insert","decl":{"start":{"line":40,"column":9},"end":{"line":40,"column":15}},"loc":{"start":{"line":40,"column":40},"end":{"line":72,"column":1}},"line":40}},"branchMap":{"0":{"loc":{"start":{"line":41,"column":4},"end":{"line":41,"column":56}},"type":"if","locations":[{"start":{"line":41,"column":4},"end":{"line":41,"column":56}},{"start":{},"end":{}}],"line":41},"1":{"loc":{"start":{"line":43,"column":4},"end":{"line":46,"column":5}},"type":"if","locations":[{"start":{"line":43,"column":4},"end":{"line":46,"column":5}},{"start":{},"end":{}}],"line":43},"2":{"loc":{"start":{"line":48,"column":4},"end":{"line":51,"column":5}},"type":"if","locations":[{"start":{"line":48,"column":4},"end":{"line":51,"column":5}},{"start":{},"end":{}}],"line":48},"3":{"loc":{"start":{"line":57,"column":8},"end":{"line":68,"column":9}},"type":"if","locations":[{"start":{"line":57,"column":8},"end":{"line":68,"column":9}},{"start":{"line":60,"column":13},"end":{"line":68,"column":9}}],"line":57},"4":{"loc":{"start":{"line":60,"column":13},"end":{"line":68,"column":9}},"type":"if","locations":[{"start":{"line":60,"column":13},"end":{"line":68,"column":9}},{"start":{"line":65,"column":13},"end":{"line":68,"column":9}}],"line":60}},"s":{"0":15,"1":2,"2":13,"3":2,"4":2,"5":11,"6":0,"7":0,"8":11,"9":11,"10":11,"11":11,"12":11,"13":24,"14":2,"15":22,"16":6,"17":6,"18":6,"19":16,"20":16,"21":11,"22":11,"23":1,"24":1,"25":1,"26":1,"27":1,"28":1,"29":1,"30":1,"31":1},"f":{"0":15},"b":{"0":[2,13],"1":[2,11],"2":[0,11],"3":[2,22],"4":[6,16]},"_coverageSchema":"1a1c01bbd47fc00a2c39e90264f33305004495a9","hash":"9dc4bbcda0e08b060cefde4f68c5ab44c8153786"}
,"/Users/jennychau/Development/purple/RecursiveSearch.js": {"path":"/Users/jennychau/Development/purple/RecursiveSearch.js","statementMap":{"0":{"start":{"line":12,"column":4},"end":{"line":19,"column":5}},"1":{"start":{"line":13,"column":8},"end":{"line":13,"column":20}},"2":{"start":{"line":14,"column":11},"end":{"line":19,"column":5}},"3":{"start":{"line":15,"column":8},"end":{"line":15,"column":19}},"4":{"start":{"line":17,"column":8},"end":{"line":17,"column":19}},"5":{"start":{"line":18,"column":8},"end":{"line":18,"column":45}},"6":{"start":{"line":22,"column":0},"end":{"line":22,"column":32}}},"fnMap":{"0":{"name":"recursiveSearch","decl":{"start":{"line":10,"column":9},"end":{"line":10,"column":24}},"loc":{"start":{"line":10,"column":40},"end":{"line":20,"column":1}},"line":10}},"branchMap":{"0":{"loc":{"start":{"line":12,"column":4},"end":{"line":19,"column":5}},"type":"if","locations":[{"start":{"line":12,"column":4},"end":{"line":19,"column":5}},{"start":{"line":14,"column":11},"end":{"line":19,"column":5}}],"line":12},"1":{"loc":{"start":{"line":14,"column":11},"end":{"line":19,"column":5}},"type":"if","locations":[{"start":{"line":14,"column":11},"end":{"line":19,"column":5}},{"start":{"line":16,"column":11},"end":{"line":19,"column":5}}],"line":14}},"s":{"0":15,"1":3,"2":12,"3":2,"4":10,"5":10,"6":1},"f":{"0":15},"b":{"0":[3,12],"1":[2,10]},"_coverageSchema":"1a1c01bbd47fc00a2c39e90264f33305004495a9","hash":"0f76efd5c5d2ec5bc1dbc671f098e205d6fce1be"}
,"/Users/jennychau/Development/purple/ReverseString.js": {"path":"/Users/jennychau/Development/purple/ReverseString.js","statementMap":{"0":{"start":{"line":3,"column":14},"end":{"line":3,"column":27}},"1":{"start":{"line":5,"column":17},"end":{"line":5,"column":19}},"2":{"start":{"line":6,"column":4},"end":{"line":9,"column":5}},"3":{"start":{"line":6,"column":16},"end":{"line":6,"column":28}},"4":{"start":{"line":7,"column":6},"end":{"line":7,"column":25}},"5":{"start":{"line":10,"column":4},"end":{"line":10,"column":26}},"6":{"start":{"line":15,"column":2},"end":{"line":15,"column":32}}},"fnMap":{"0":{"name":"reverseString","decl":{"start":{"line":2,"column":9},"end":{"line":2,"column":22}},"loc":{"start":{"line":2,"column":28},"end":{"line":12,"column":3}},"line":2}},"branchMap":{},"s":{"0":5,"1":5,"2":5,"3":5,"4":24,"5":5,"6":1},"f":{"0":5},"b":{},"_coverageSchema":"1a1c01bbd47fc00a2c39e90264f33305004495a9","hash":"6a1d86fdeebf87e4fc4772f87557df9d0edff7da"}
,"/Users/jennychau/Development/purple/SelectionSort.js": {"path":"/Users/jennychau/Development/purple/SelectionSort.js","statementMap":{"0":{"start":{"line":11,"column":4},"end":{"line":20,"column":5}},"1":{"start":{"line":11,"column":16},"end":{"line":11,"column":17}},"2":{"start":{"line":12,"column":8},"end":{"line":19,"column":9}},"3":{"start":{"line":13,"column":12},"end":{"line":18,"column":13}},"4":{"start":{"line":14,"column":27},"end":{"line":14,"column":33}},"5":{"start":{"line":15,"column":16},"end":{"line":15,"column":31}},"6":{"start":{"line":16,"column":16},"end":{"line":16,"column":29}},"7":{"start":{"line":21,"column":4},"end":{"line":21,"column":14}},"8":{"start":{"line":25,"column":0},"end":{"line":25,"column":31}}},"fnMap":{"0":{"name":"selectionSort","decl":{"start":{"line":10,"column":9},"end":{"line":10,"column":22}},"loc":{"start":{"line":10,"column":30},"end":{"line":22,"column":1}},"line":10}},"branchMap":{"0":{"loc":{"start":{"line":13,"column":12},"end":{"line":18,"column":13}},"type":"if","locations":[{"start":{"line":13,"column":12},"end":{"line":18,"column":13}},{"start":{},"end":{}}],"line":13}},"s":{"0":6,"1":6,"2":21,"3":50,"4":22,"5":22,"6":22,"7":6,"8":1},"f":{"0":6},"b":{"0":[22,28]},"_coverageSchema":"1a1c01bbd47fc00a2c39e90264f33305004495a9","hash":"6d33d21dda2d8dfd30b272d7b0e33c5daf27fe15"}
}
