TN:
SF:FibonacciSeries.js
FN:10,fibonacci
FNF:1
FNH:1
FNDA:13,fibonacci
DA:11,13
DA:12,3
DA:15,10
DA:16,10
DA:17,4
DA:18,26
DA:19,26
DA:22,10
DA:27,1
DA:28,1
DA:29,1
DA:30,1
DA:31,1
DA:32,1
DA:33,1
DA:34,1
DA:38,1
LF:17
LH:17
BRDA:11,0,0,3
BRDA:11,0,1,10
BRDA:16,1,0,4
BRDA:16,1,1,6
BRF:4
BRH:4
end_of_record
TN:
SF:FindFirstDuplicate.js
FN:1,findFirstDuplicate
FNF:1
FNH:1
FNDA:5,findFirstDuplicate
DA:2,5
DA:3,5
DA:4,16
DA:5,2
DA:7,14
DA:11,3
DA:15,1
LF:7
LH:7
BRDA:4,0,0,2
BRDA:4,0,1,14
BRF:2
BRH:2
end_of_record
TN:
SF:ReverseString.js
FN:2,reverseString
FNF:1
FNH:1
FNDA:5,reverseString
DA:3,5
DA:5,5
DA:6,5
DA:7,24
DA:10,5
DA:15,1
LF:6
LH:6
BRF:0
BRH:0
end_of_record
TN:
SF:SelectionSort.js
FN:6,selectionSort
FNF:1
FNH:1
FNDA:8,selectionSort
DA:7,8
DA:8,35
DA:9,92
DA:10,54
DA:11,54
DA:12,54
DA:17,8
DA:20,1
DA:21,1
DA:23,1
DA:25,1
LF:11
LH:11
BRDA:9,0,0,54
BRDA:9,0,1,38
BRF:2
BRH:2
end_of_record
